<?xml version="1.0" encoding="UTF-8"?>
<!-- Generated by org.testng.reporters.JUnitReportReporter -->
<testsuite hostname="DESKTOP-C28O1GT" failures="0" tests="5" name="com.SelenumFrameWorkEasyPart.Registration_demo_nop_commerce" time="18.467" errors="0" timestamp="17 Dec 2023 05:47:55 GMT" skipped="0">
  <testcase classname="com.SelenumFrameWorkEasyPart.Registration_demo_nop_commerce" name="verifyingRegisterWithWithMandatoryFileds" time="3.638"/>
  <testcase classname="com.SelenumFrameWorkEasyPart.Registration_demo_nop_commerce" name="verifyingRegisterWithAllFileds" time="4.220"/>
  <testcase classname="com.SelenumFrameWorkEasyPart.Registration_demo_nop_commerce" name="verifyingRegisterWithExistingEmail" time="4.239"/>
  <testcase classname="com.SelenumFrameWorkEasyPart.Registration_demo_nop_commerce" name="verifyingRegisterWithMismatchPassword" time="3.143"/>
  <testcase classname="com.SelenumFrameWorkEasyPart.Registration_demo_nop_commerce" name="verifyingRegisterWithNoFileds" time="3.227"/>
</testsuite> <!-- com.SelenumFrameWorkEasyPart.Registration_demo_nop_commerce -->
