<?xml version="1.0" encoding="UTF-8"?>
<!-- Generated by org.testng.reporters.JUnitReportReporter -->
<testsuite hostname="DESKTOP-C28O1GT" failures="0" tests="1" name="com.SelenumFrameWorkEasyPart.NavigateToWebsite" time="12.478" errors="0" timestamp="11 Jan 2024 17:34:25 GMT" skipped="0">
  <testcase classname="com.SelenumFrameWorkEasyPart.NavigateToWebsite" name="clickLinkAndVerifyElement" time="12.478"/>
</testsuite> <!-- com.SelenumFrameWorkEasyPart.NavigateToWebsite -->
