<?xml version="1.0" encoding="UTF-8"?>
<!-- Generated by org.testng.reporters.JUnitReportReporter -->
<testsuite hostname="DESKTOP-C28O1GT" failures="0" tests="1" name="com.SelenumFrameWorkEasyPart.NavigateToWebsiteAndVerifyTheTitleOfThePage" time="9.790" errors="0" timestamp="11 Jan 2024 17:34:25 GMT" skipped="0">
  <testcase classname="com.SelenumFrameWorkEasyPart.NavigateToWebsiteAndVerifyTheTitleOfThePage" name="titleOfThePage" time="9.790"/>
</testsuite> <!-- com.SelenumFrameWorkEasyPart.NavigateToWebsiteAndVerifyTheTitleOfThePage -->
